<?xml version="1.0" encoding="UTF-8"?>
<!-- Generated by org.testng.reporters.JUnitXMLReporter -->
<testsuite hostname="Pyroferus-PC" name="Default test" tests="6" failures="0" timestamp="9 Oct 2017 09:29:56 GMT" time="158.177" errors="0">
  <testcase name="staff_detail" time="76.805" classname="school_info.webelement"/>
  <testcase name="per_inf" time="21.898" classname="school_info.webelement"/>
  <testcase name="sch_in" time="6.139" classname="school_info.webelement"/>
  <testcase name="School_info" time="21.242" classname="school_info.webelement"/>
  <testcase name="Sc_con" time="20.89" classname="school_info.webelement"/>
  <testcase name="Sc_cls" time="11.151" classname="school_info.webelement"/>
</testsuite> <!-- Default test -->
