<?xml version="1.0" encoding="UTF-8"?>
<!-- Generated by org.testng.reporters.JUnitXMLReporter -->
<testsuite hostname="Pyroferus-PC" name="Default test" tests="4" failures="0" timestamp="7 Oct 2017 07:26:02 GMT" time="162.743" errors="0">
  <testcase name="staff_detail" time="70.962" classname="school_info.webelement"/>
  <testcase name="per_inf" time="22.156" classname="school_info.webelement"/>
  <testcase name="sch_in" time="28.014" classname="school_info.webelement"/>
  <testcase name="School_info" time="41.364" classname="school_info.webelement"/>
</testsuite> <!-- Default test -->
